==109== Memcheck, a memory error detector
==109== Copyright (C) 2002-2017, and GNU GPL'd, by Julian Seward et al.
==109== Using Valgrind-3.15.0 and LibVEX; rerun with -h for copyright info
==109== Command: ./CaffParser ./TestFiles/1.caff
==109== 
==109== error calling PR_SET_PTRACER, vgdb might block
Parsing ./TestFiles/1.caff
num of ciff images: 2
creator: Test Creator
image duration: 1000
image caption: Beautiful scenery size: 17
image height: 667
image width: 1000
image content size: 2001000
image pixel values size: 2001000
tags: 
landscape size: 9
sunset size: 6
mountains size: 9
image duration: 1000
image caption: Beautiful scenery size: 17
image height: 667
image width: 1000
image content size: 2001000
image pixel values size: 2001000
tags: 
landscape size: 9
sunset size: 6
mountains size: 9
==109== 
==109== HEAP SUMMARY:
==109==     in use at exit: 0 bytes in 0 blocks
==109==   total heap usage: 85 allocs, 85 frees, 36,108,782 bytes allocated
==109== 
==109== All heap blocks were freed -- no leaks are possible
==109== 
==109== For lists of detected and suppressed errors, rerun with: -s
==109== ERROR SUMMARY: 0 errors from 0 contexts (suppressed: 0 from 0)
